<?xml version="1.0" encoding="UTF-8"?>
<!-- Generated by org.testng.reporters.JUnitReportReporter -->
<testsuite hostname="LAPTOP-H4T0KVF6" failures="0" tests="1" name="scripts.contextm" time="51.934" errors="0" timestamp="2022-09-29T15:22:26 IST" skipped="0">
  <testcase classname="scripts.contextm" name="tc1" time="51.934"/>
  <system-out/>
</testsuite> <!-- scripts.contextm -->
