<?xml version="1.0" encoding="UTF-8"?>
<!-- Generated by org.testng.reporters.JUnitReportReporter -->
<testsuite hostname="LAPTOP-H4T0KVF6" failures="0" tests="1" name="scripts.Flipkart" time="48.501" errors="0" timestamp="2022-09-28T18:57:05 IST" skipped="0">
  <testcase classname="scripts.Flipkart" name="addToCart" time="48.501"/>
  <system-out/>
</testsuite> <!-- scripts.Flipkart -->
