<?xml version="1.0" encoding="UTF-8"?>
<!-- Generated by org.testng.reporters.JUnitReportReporter -->
<testsuite hostname="LAPTOP-H4T0KVF6" failures="0" tests="1" name="Typesofparallel.Groups" time="0.014" errors="0" timestamp="2022-09-28T14:55:44 IST" skipped="0">
  <testcase classname="Typesofparallel.Groups" name="deleteCustomer" time="0.014"/>
  <system-out>
deleteCustomer  </system-out>
</testsuite> <!-- Typesofparallel.Groups -->
