<?xml version="1.0" encoding="UTF-8"?>
<!-- Generated by org.testng.reporters.JUnitReportReporter -->
<testsuite hostname="LAPTOP-H4T0KVF6" failures="0" tests="1" name="scripts.Test1" time="27.758" errors="0" timestamp="2022-09-25T00:19:11 IST" skipped="0">
  <testcase classname="scripts.Test1" name="tc1" time="27.758"/>
  <system-out/>
</testsuite> <!-- scripts.Test1 -->
