<?xml version="1.0" encoding="UTF-8"?>
<!-- Generated by org.testng.reporters.JUnitReportReporter -->
<testsuite hostname="LAPTOP-H4T0KVF6" failures="0" tests="1" name="scripts.seleniumscript" time="19.090" errors="0" timestamp="2022-09-26T19:42:40 IST" skipped="0">
  <testcase classname="scripts.seleniumscript" name="demo" time="19.090"/>
  <system-out>
test has been started test succeed  </system-out>
</testsuite> <!-- scripts.seleniumscript -->
