<?xml version="1.0" encoding="UTF-8"?>
<!-- Generated by org.testng.reporters.JUnitReportReporter -->
<testsuite hostname="LAPTOP-H4T0KVF6" failures="0" tests="1" name="scripts.disable" time="14.938" errors="0" timestamp="2022-09-25T15:34:43 IST" skipped="0">
  <testcase classname="scripts.disable" name="demo" time="14.938"/>
  <system-out/>
</testsuite> <!-- scripts.disable -->
