<?xml version="1.0" encoding="UTF-8"?>
<!-- Generated by org.testng.reporters.JUnitReportReporter -->
<testsuite hostname="LAPTOP-H4T0KVF6" failures="0" tests="1" name="Typesofparallel.Dps" time="8.405" errors="0" timestamp="2022-09-27T21:15:55 IST" skipped="0">
  <testcase classname="Typesofparallel.Dps" name="tc1" time="8.405"/>
  <system-out/>
</testsuite> <!-- Typesofparallel.Dps -->
