<?xml version="1.0" encoding="UTF-8"?>
<!-- Generated by org.testng.reporters.JUnitReportReporter -->
<testsuite hostname="LAPTOP-H4T0KVF6" failures="0" tests="1" name="scripts.xml" time="7.780" errors="0" timestamp="2022-09-25T19:15:12 IST" skipped="0">
  <testcase classname="scripts.xml" name="demo" time="7.780"/>
  <system-out/>
</testsuite> <!-- scripts.xml -->
