<?xml version="1.0" encoding="UTF-8"?>
<!-- Generated by org.testng.reporters.JUnitReportReporter -->
<testsuite hostname="LAPTOP-H4T0KVF6" failures="0" tests="1" name="scripts.Test0" time="13.784" errors="0" timestamp="2022-09-24T19:35:58 IST" skipped="0">
  <testcase classname="scripts.Test0" name="tc1" time="13.784"/>
  <system-out/>
</testsuite> <!-- scripts.Test0 -->
