<?xml version="1.0" encoding="UTF-8"?>
<!-- Generated by org.testng.reporters.JUnitReportReporter -->
<testsuite hostname="LAPTOP-H4T0KVF6" failures="0" tests="1" name="scripts.chromeoptions" time="7.054" errors="0" timestamp="2022-09-25T16:08:20 IST" skipped="0">
  <testcase classname="scripts.chromeoptions" name="tc1" time="7.054"/>
  <system-out/>
</testsuite> <!-- scripts.chromeoptions -->
