<?xml version="1.0" encoding="UTF-8"?>
<!-- Generated by org.testng.reporters.JUnitReportReporter -->
<testsuite hostname="LAPTOP-H4T0KVF6" failures="0" tests="3" name="scripts.invocationcount" time="33.606" errors="0" timestamp="2022-09-26T02:12:19 IST" skipped="0">
  <testcase classname="scripts.invocationcount" name="demo" time="10.198"/>
  <system-out/>
  <testcase classname="scripts.invocationcount" name="demo" time="12.649"/>
  <system-out/>
  <testcase classname="scripts.invocationcount" name="demo" time="10.759"/>
  <system-out/>
</testsuite> <!-- scripts.invocationcount -->
